<?xml version="1.0" encoding="UTF-8"?>
<!-- Generated by org.testng.reporters.JUnitReportReporter -->
<testsuite hostname="DESKTOP-23937PA" failures="0" tests="1" name="com.practiceclasses.MultipletablesHandling" time="60.521" errors="0" timestamp="2023-11-23T21:31:12 IST" skipped="0">
  <testcase classname="com.practiceclasses.MultipletablesHandling" name="Multiple" time="60.521"/>
  <system-out/>
</testsuite> <!-- com.practiceclasses.MultipletablesHandling -->
