<?xml version="1.0" encoding="UTF-8"?>
<!-- Generated by org.testng.reporters.JUnitReportReporter -->
<testsuite hostname="DESKTOP-23937PA" failures="0" tests="4" name="com.practiceclasses.PriorityMethods" time="0.030" errors="0" timestamp="2023-10-09T19:20:36 IST" skipped="0">
  <testcase classname="com.practiceclasses.PriorityMethods" name="sample1" time="0.019"/>
  <system-out>
    <![CDATA[Sample 1]]>
  </system-out>
  <testcase classname="com.practiceclasses.PriorityMethods" name="sample3" time="0.005"/>
  <system-out>
    <![CDATA[Sample 3]]>
  </system-out>
  <testcase classname="com.practiceclasses.PriorityMethods" name="pample4" time="0.003"/>
  <system-out>
    <![CDATA[Sample 4]]>
  </system-out>
  <testcase classname="com.practiceclasses.PriorityMethods" name="sample2" time="0.003"/>
  <system-out>
    <![CDATA[Sample 2]]>
  </system-out>
</testsuite> <!-- com.practiceclasses.PriorityMethods -->
