<?xml version="1.0" encoding="UTF-8"?>
<!-- Generated by org.testng.reporters.JUnitReportReporter -->
<testsuite hostname="DESKTOP-23937PA" failures="0" tests="1" name="com.practiceclasses.NavigationMethod" time="31.304" errors="0" timestamp="2023-11-23T16:04:11 IST" skipped="0">
  <testcase classname="com.practiceclasses.NavigationMethod" name="Assignment2" time="31.304"/>
  <system-out/>
</testsuite> <!-- com.practiceclasses.NavigationMethod -->
