<?xml version="1.0" encoding="UTF-8"?>
<!-- Generated by org.testng.reporters.JUnitReportReporter -->
<testsuite hostname="DESKTOP-23937PA" failures="0" tests="1" name="com.javaprograms.SortingArrays" time="0.050" errors="0" timestamp="2024-02-20T17:39:00 IST" skipped="0">
  <testcase classname="com.javaprograms.SortingArrays" name="DescendingOrderorReverseNaturalOrder" time="0.050"/>
  <system-out/>
</testsuite> <!-- com.javaprograms.SortingArrays -->
