<?xml version="1.0" encoding="UTF-8"?>
<!-- Generated by org.testng.reporters.JUnitReportReporter -->
<testsuite hostname="DESKTOP-23937PA" failures="0" tests="1" name="com.javaprograms.AllPrograms" time="0.012" errors="0" timestamp="2024-01-30T14:50:35 IST" skipped="0">
  <testcase classname="com.javaprograms.AllPrograms" name="Reversenum" time="0.012"/>
  <system-out/>
</testsuite> <!-- com.javaprograms.AllPrograms -->
