<?xml version="1.0" encoding="UTF-8"?>
<!-- Generated by org.testng.reporters.JUnitReportReporter -->
<testsuite hostname="DESKTOP-23937PA" failures="0" tests="1" name="com.javaprograms.AllPrograms" time="0.020" errors="0" timestamp="2023-10-31T13:07:08 IST" skipped="0">
  <testcase classname="com.javaprograms.AllPrograms" name="Occurancewords" time="0.020"/>
  <system-out/>
</testsuite> <!-- com.javaprograms.AllPrograms -->
