<?xml version="1.0" encoding="UTF-8"?>
<!-- Generated by org.testng.reporters.JUnitReportReporter -->
<testsuite hostname="DESKTOP-23937PA" failures="0" tests="2" name="com.javaprograms.SortingStrings" time="0.017" errors="0" timestamp="2024-02-22T22:24:57 IST" skipped="0">
  <testcase classname="com.javaprograms.SortingStrings" name="CountCharactersinsString" time="0.015"/>
  <system-out/>
  <testcase classname="com.javaprograms.SortingStrings" name="ReverseString" time="0.002"/>
  <system-out/>
</testsuite> <!-- com.javaprograms.SortingStrings -->
