<?xml version="1.0" encoding="UTF-8"?>
<!-- Generated by org.testng.reporters.JUnitReportReporter -->
<testsuite hostname="DESKTOP-23937PA" failures="0" tests="1" name="com.practiceclasses.MultipletablesHandling" time="90.326" errors="0" timestamp="2023-08-29T19:38:41 IST" skipped="0">
  <testcase classname="com.practiceclasses.MultipletablesHandling" name="Multiple" time="90.326"/>
  <system-out/>
</testsuite> <!-- com.practiceclasses.MultipletablesHandling -->
